500
0 4585 7719 7211 6025 906 3817 4111 759 7659 3850 912 6630 1496 5862 9197
1 7446 6664 6162 4240 1092 9180 4968 8586 6402 2295 1917 7367 1348 838
2 4781 2953 62 9934 7121 3366 5554 3034 719
3 9529 4096 5179 4833 6394 6540 312 1222 9583 7396 3664
4 6541 5217 9341 5913 812 9045 5068 6522 125 3451 5384 4937 7220 863 9480 1668 5962 2555 5848
5 2972 4380 8107 5563 52 6866 4614 4194 1823 7938 9197
6 3808 5847 3002 5944 3003 3494 226 9698 7319 8180
7 8719 4918 7369 7170 5731 9904 26 7330 6809 7656 4364 1860 1739 4071
8 2613 6393 5907 2834 4123 7589 7071 9184 1491 5996 5271 5197 7377 2607 3950 8134 2240
9 5311 3145 2553 5734 8029 8250 4719 8630 3849 8845 6182 1260 7791 8134
10 7028 6527 1694 7980 5878 9827 4276 851 6461 7569 3023
11 4185 4183 9886 5418 8328 2217 8658 7849 5443 2551 6398 1761 847 6692
12 8007 8570 2586 1300 8878 3360 4117 5128 5045 9959 5158 3376 4855
13 9294 5436 4231 3357 265 9766 5787 4753 4805 9451 3630 7709 2986
14 8117 5615 9000 6758 1313 5904 5144 8141 9642 9788 2483 6458
15 1040 2089 5916 1937 8127 7327 4315 113 5408 3681 8562 139 7413 2121 8994
16 7783 3616 3437 8459 7940 1277 1127 2610 1398 4362 1774
17 6227 1834 5818 2272 7175 877 6362 466 8617 336 5795
18 689 6026 703 1107 8027 9065 7288 9620 793 1466 1591 1583 1642 8711 4326 5340
19 4936 7685 696 5744 4121 7016 7499 485 5631 2866
20 7083 4612 3948 3362 7673 345 9868 3795 1637 4668 1365 3174 9069 5701 7665 4214 2685
21 4543 7424 5940 7887 1284 8234 7903 6758 9505 6134 9299
22 5535 6055 1593 152 889 2141 706 5976 1332 4669 1195 5065 1935 865 4341 1956
23 5375 487 3105 1867 5564 2363 400 9070 4256 4211 6861 923 8387 9842 2
24 8444 9909 4519 4977 7393 7374 9769 5555 8148 4602 3297 2158 650
25 4975 9532 3162 1519 2308 893 4106 6653 6077 9140 2176 2875 5507
26 2517 6478 8895 5415 244 3804 9867 3796 6510 3412 7517
27 9074 4687 5662 6521 6003 6663 6091 3736 1569 8365 6380 9487 9089 420 1774
28 2262 8275 3156 664 4927 628 7986 6184 639 1032 9615
29 8551 1725 6995 6396 2210 8033 5868 5901 6739 4192 6962 6938
30 9508 8654 2854 4203 7541 6641 1805 4452 3917 5639 8284
31 2540 6985 7890 3300 667 6668 6826 7862 1762 6975 7026 4399 1731
32 757 3487 8761 2390 2170 3322 8351 2071 3727 9513 9146 7922
33 7155 4889 8645 6442 502 6810 3833 2320 357 6901 4081 8134 7883 1752
34 7274 8817 4956 743 5843 6981 2914 6207 1071 8723 7254 6778
35 5243 5410 9830 6131 3476 7634 2194 7358 3863 6080 2566 6048 300
36 3680 9198 6524 9208 7580 8415 9067 817 8474 1993 2320 2052 6734
37 2815 4830 7947 4564 7926 965 8608 2680 6451 8049 9947 1984 1299 5064
38 9935 897 6963 9792 2051 3551 4952 691 6950 6920 1105
39 1054 1898 4716 4228 6278 4579 9633 1892 3405 8797 7043 4919 6773 6269 2240
40 806 9300 8232 9740 7112 9743 3851 3172 5695 1957 9404 7133
41 1435 7632 7489 8940 3900 8492 1854 9066 4132 5278 5902 4108 3982
42 2011 3796 2874 7680 5719 5291 702 5066 5592 9465 2422 4311
43 7536 3059 3008 6316 1925 9614 5611 5350 9761 4898
44 633 3980 4840 8530 3955 8784 2342 6603 9284 9430 9833 4651 650 6134
45 8460 3028 3553 3151 3999 736 3278 8309 7273 7875 1362 2466 1348 4855 5869
46 106 6660 7111 1770 2456 1409 8889 8380 3396 4589 8332 8932 4728
47 4829 9241 48 4589 5975 554 6402 1744 5874 4311 7880
48 943 1413 4188 5679 7287 7427 9547 3591 6742 5389 7641 2729 1454 7652 7153
49 1462 7750 8915 345 9770 6562 548 4253 8705 2598 6011 9290 7267 7413 2155
50 9861 5714 8466 9316 2124 9823 2784 8296 294 772 1848 7932 3543
51 5733 2949 4770 1337 8042 7065 4440 7826 3456 1682 3745 6677 6486 7736 935
52 5119 3578 8901 4535 1306 1893 4430 9460 1357 2724 2873 5917 6101
53 8668 859 2905 1339 7299 8040 3554 5561 871 7622 5857 505 9515 2198 9961 7486 574 395
54 4471 8660 1733 5567 7557 193 9194 2226 6173 9862 3549 4691 9800 9600
55 8792 3671 2999 6116 2950 2251 6696 656 308 9201 5323 9443 5212
56 9522 6024 7893 1224 1757 231 811 9028 6504 7672 6997 2073 1091 1625
57 8353 7551 80 646 9636 2431 3847 4718 9225 6891 8431 412
58 151 272 5920 7563 6151 7395 7572 7245 5728 8969 4764 8523 4832 9586 541 8830
59 2006 1120 6406 8723 7117 9783 5299 9223 9867 1263 2542 2763 1554 7438
60 2385 6297 7262 5669 3388 5849 4792 4449 3104 9133 4180 5458
61 2054 2137 9029 2673 6095 323 4156 7134 1464 7196 4377 6369 9143 590 9192 8060 7364
62 9727 5974 14 4318 9216 4951 7918 7923 1931 7177 9071 2114
63 9200 8155 7482 6614 7496 1219 9153 3447 7399 4087 2989 9569 1628 9968
64 5778 9369 6477 1660 4918 7681 7154 2061 7050 68 3 6298 6360 2986
65 5820 3775 4869 1407 5206 3631 4264 1132 7027 2884 2332 7570 1396 7085 7266
66 316 4507 8772 1553 6793 9141 489 2120 1473 3503 1505 1452 4531
67 2241 48 9926 1602 5961 3398 4290 627 3270 673 3541
68 1291 9054 3247 6493 3097 8620 65 2563 7260 2413
69 6004 4473 2163 1975 1497 1502 6217 5030 5194 6778 7296
70 257 8764 6840 7005 8988 8139 4493 760 9745 3 4157 3597 1460 8121 1121
71 6680 8748 942 328 3480 8780 924 6557 4772 4548 6765 9461 5880
72 4563 2043 4369 1651 8019 1988 4054 6495 2072 9189 8352 2840 5295 3708 5386 8005
73 5084 242 2557 2268 9841 8287 128 2031 3610 8150 467 7379 7234 7699
74 9243 2671 8804 1022 9916 3446 6593 1937 4728
75 8163 2724 1568 39 5090 8279 2701 8810 1356 1779 6469 5992 6212 2512 3911 991 2630
76 8688 3721 8401 7694 3440 9152 3308 247 7802 3274 4906 840 7924 8907 1256 935 2240
77 7983 2620 2060 3275 6433 5244 1773 4147 8547 2954 8611 2454 8570 6100 1601
78 4456 1257 2928 5319 6294 2453 3459 4556 5215 4855 1534 6101
79 1467 9321 5356 3078 1801 368 8488 7275 5021 7737 1436 7133
80 2258 5452 9383 1712 7535 1564 8768 5292 3363 276 4909 8716
81 2466 3434 7887 9414 2759 4924 3983 4093 8779 4847 1143 9040 8170 3781 7429 7285
82 98 1806 7292 7582 2656 7970 3696 3252 1386 1980 8428
83 3488 8468 4708 9828 7311 4902 2952 281 2842 3672 7355 6044 9545
84 8997 4289 9876 9636 616 7338 1440 4384 2275 1186 4737 3835 3074 1299
85 8942 628 4562 2821 5544 7067 9657 1924 2366 7643 4418 7361 7732
86 4604 3851 705 3152 4083 6675 3445 4282 2730 871 6822 1113 7179 3158 116 8531 9244 2790
87 8426 4162 1971 9498 9925 8268 1732 2576 8826 2351 3313 7147 4199 5307 9007
88 3101 6688 1638 8739 4028 655 3486 1515 4203 2027 515 5085 7888 5604 925 9398 8887 6153 5156 5326 5412 2986
89 1960 5517 1233 9617 2306 4511 5047 861 887 4513 2324 1557
90 6987 5257 9393 7360 5545 9874 7449 9923 9571 9719 1343 9301 2643
91 4120 1753 4899 1945 4541 3857 1143 3732 3620 7347 4104 4354 450 7762
92 6894 4997 2959 727 3148 8083 1002 6844 715 6235 5090 3836
93 6709 6905 6683 7770 3349 364 6041 7146 9054 9680 3933 2760
94 9534 8572 5928 1677 1424 4315 9583 3060 7332 9728 7501 7369 8644
95 7003 7000 1608 428 4846 9564 4363 5441 3422 1465 9021 7055
96 8416 6181 8037 8913 7480 2093 8903 1973 9706 8325 5948
97 7295 7768 4082 2590 7129 5044 4735 1390 7040 7634 1025 8812
98 7091 3691 9551 3108 6976 7375 1215 1982 3020 439 6685 9717 7864 2327
99 5601 7651 9954 3481 9839 2985 5825 6127 7793 1241 2113 3243 4011 9219 6270 1238 2904
100 7613 9646 9593 1767 2971 2025 6805 3661 9847 4249 6375 7837 6301 2867 6020
101 5186 8083 9095 9963 5508 3335 9326 4242 8209 8462
102 8625 4553 7494 6009 9759 1231 8672 4983 6924 1020 9697
103 6691 3443 6772 6115 3504 3658 6213 3655 7797 3180 3010 3203
104 4835 9318 5325 8381 3695 2078 6267 8041 5693 9822 8406
105 6613 7571 117 7158 6388 137 6101 7531 5189 8684 5716 2414 4944 4389 6940 6608 3025 8612 1657 5848 7456 3936 6827
106 995 8119 4013 9602 2868 2401 8042 7670 4717 9806 8767 7232 7586 8998 4385 9075 569
107 5963 1469 1203 5562 4023 2568 8837 486 8838 3173
108 9893 4991 153 9661 9866 5742 1851 3330 7052 3017 6161 2304
109 8889 6089 1014 6031 8136 7399 3403 4332 2082 1633 4316 9942 8358 3758 5715 935
110 5280 1865 4459 4126 2696 7608 1656 5679 4770 7218 3910 6343 2615 7438
111 1882 2202 9581 941 4040 2761 6453 1036 1 8981 2677 9109 3215 526 5003 3427
112 2331 3318 1486 7340 6753 6138 8990 8653 2797 8052 3053 2704 5748 79
113 3273 6645 900 9148 8323 7024 2671 8729 4986 3340 9970 352
114 7830 415 6356 2880 7183 5308 2157 5022 2665 6466 7579
115 4408 4042 7996 9802 6185 4309 9519 4681 3453 4798 8248 4679
116 4391 6410 2588 4649 1346 2616 6661 6885 1780 2515 9543 3584 6296 1774
117 1881 4233 4259 8424 6845 862 8421 4571 583 6897 2979 405 7001 2003 7296
118 7510 5584 5536 7326 3239 976 5210 146 1050 9152 9709
119 7878 3711 7075 1445 5879 3864 7229 5076 5509 5335 4005 9407 8832 7517
120 1052 1866 2030 6245 9520 2567 7743 6925 8989 4798 9563 372 5288 8396 6327
121 8339 6242 1136 2133 950 4644 1513 5863 2248 8189 3028 8185 6827 7949
122 4566 8525 4310 5486 8178 3965 5055 7854 2227 3590 4232 2016 1647
123 5207 842 5416 916 5926 5812 3121 7617 7348 3348 7881 4823 2543 8212 9129
124 1548 1312 1895 9438 5488 287 6530 7727 931 5704 9600 221 352
125 298 9214 3843 3389 4645 5275 5505 4022 7461 503 9604 3166 5451 6584
126 407 1048 6023 5002 6240 4793 7203 7235 4066 2455 5482 9764
127 5034 2770 2275 608 3151 7975 4077 6974 535 5331 5952 2349 6613
128 958 7730 6854 2925 5460 9091 8289 5177 5103 9892 7444 1449 6170 7713 2340
129 7249 7828 6436 4184 5092 4207 1716 6313 3772 850 4222 6141
130 4477 7242 3192 6193 7561 7157 7827 6405 6124 6978 569 9930
131 5897 1498 9186 6345 268 96 8634 7895 1837 4511 1685 7585 4698 6434 1147 1950 8431
132 8023 1003 5361 6286 3852 1156 9598 5456 9818 1680 5005 7921 2579 8910
133 2658 2930 2638 5789 7853 2887 8635 4168 2575 5104 5111 8722 3074
134 6200 1508 4683 5474 1696 4654 9264 8315 7825 9423 6922 3758
135 4465 2059 2835 1214 4625 1384 4608 6414 5239 6537 3877 4035
136 9362 4857 5749 4063 8773 5597 6226 4275 9330 2085 3800 1394 4532 3432 252 7732 2121 7133 7791
137 6165 4640 7566 1887 3445 7226 2758 1481 4097 707 9224 979 2340 3894
138 8034 3698 3744 5274 3985 2800 733 5867 5359 9822 4107
139 8327 9635 8164 218 3084 5588 333 8263 347 1529 4804 1583 3077
140 4744 1765 5637 5422 2935 684 7734 4848 8795 4034 8140 6635
141 8433 5590 7812 6430 3676 3511 7965 9188 4172 647
142 8020 9679 7403 8831 6640 3469 4450 5950 7452 2099 7684 6632 705 4437 3700
143 9439 3222 4467 9796 9534 8952 9165 9257 2353 7710 4958
144 2620 2661 15 5125 7227 9708 9038 5786 7748 9273 4345 1979
145 1011 2788 1909 2285 3174 990 2723 189 8117 3942 6332 977 1299
146 7108 6656 501 7487 5855 9417 7069 8413 4008 5850 674 3433 6467 5219
147 8546 6241 1894 4904 3866 7342 8264 379 4963 5457 6762 238
148 361 2891 1789 1757 3501 701 7224 9380 150 9658 1345 1522 3758 8495 7709
149 6079 4953 8758 7466 9449 7871 6738 7159 5674 3539 7188 4170
150 3031 2706 5943 4335 2004 9601 6450 8590 944 4624 2979 9930 7120 5340
151 154 2018 7639 9154 2069 2815 5649 6801 6427 3533 2480
152 7651 7500 3470 6762 9268 8585 6726 1562 9844 6267 6392 3554 5934 9837 9139 2155
153 7657 8220 4578 8682 9099 4086 4402 6017 2958 9209 253 5780 367 7834 3543
154 5196 7498 8983 9097 9648 2208 5953 7165 8928 6594 7526 3638 8069 1956
155 8196 6638 6704 4512 6882 5169 5736 2319 2978 3963 8293
156 839 9452 2663 8804 4039 7527 6518 7261 2076 6705 2929 5898
157 5688 8796 3311 7706 6800 7244 4676 2279 5975 5126 5543 9354 1058
158 7167 9932 6373 5947 4648 6823 322 9799 3798 5922 5218 3415 780 3379 6306 761 5437 3012 7997
159 7186 4105 9682 4722 9112 8778 9746 5675 5390 1183 1043 9931
160 5191 5932 3286 8046 3928 3702 666 4525 2216 9659 2986
161 5827 3838 9411 9145 7253 6167 3167 4647 8621 3904 2635 748 1246 3602 1289 8406 7652
162 5364 2566 3478 6897 6318 5552 3547 8009 4929 6750 9284 9955 3936 745
163 7439 1582 4588 5682 9733 9588 1414 4336 4078 4833 4228 3331 4660
164 6208 4761 7805 2727 7425 9774 1555 2402 1740 8636 5033 7987 2704
165 1200 3150 71 4105 751 9426 191 9506 5069 5793 7740 7276 3720 427
166 3338 6918 5644 7912 6526 1951 9619 5628 7302 2783 6934 4338 8223 2321 4901
167 4304 7961 218 41 573 8501 6266 5945 3342 1342 5211 7213 2533 6258
168 4324 9522 5669 4919 6180 9652 5012 2564 2649 506 9619 155 2643 4199
169 8372 4331 645 2235 5703 4182 1886 9237 397 2790
170 9641 3656 2548 1720 9272 3161 4796 7667 1441 3575 4962 9848
171 8187 5560 8793 6417 1722 2347 8194 3413 4444 479 3897 4362
172 2035 474 3957 2717 7372 1450 8066 3274 6 467 8896 3012 1238
173 2597 7119 8921 7136 968 9235 7884 2787 3725 915 3557 857 955 4317 9731 3111 79
174 181 2166 5075 5184 3555 95 4002 614 5130 7790 569 6613
175 9482 2172 6825 6536 7531 2820 741 9596 1524 5917 321 8134
176 8469 9391 4555 7116 7241 1275 4213 8014 5187 7605 8824 2982 1083 4901
177 6249 6718 7205 493 9875 8974 2886 6197 8098 7314 9404
178 1019 7278 1861 2550 154 7305 8798 4386 3552 7823 8994
179 8544 1847 1233 3212 4092 8476 8064 1426 1570 4706 4229 9032 6672 3111 8920
180 750 4789 4542 888 9455 6191 2206 5841 3290 2693 774 1083 574 6534 2013 6258
181 9691 3115 1361 3494 1494 7764 462 9271 481 3968 5838
182 2408 3143 6690 3381 3539 5233 7641 4502 2228 7836 9293 4442 5064
183 36 4052 1087 1907 1795 3441 5719 4119 3763 5091 2983
184 7707 9851 8646 9765 7800 8824 1062 6578 7187 2977 541 4314 7762
185 9009 7342 6268 4917 6642 1817 1884 7103 6173 7960 2856 2773
186 9135 5609 9531 8132 5543 4139 687 2695 2322 9659 5641 8392 6933 8188 7511 9270 3074 8043 7949
187 9894 7597 5842 5195 475 5938 7627 4981 6818 9485 7055 7153
188 1340 366 5621 5652 4564 7555 5615 87 1019 9292 9138
189 8388 8511 8024 1198 9526 6287 605 5125 6594 895 8193 3103
190 7220 9035 9747 7022 664 2610 1760 8618 3830
191 6350 2862 3995 3221 4964 6190 2167 8362 3532 8130
192 4479 3730 9559 8882 9558 2033 4124 9907 7160 1249 4060 838 7219
193 6901 3200 3824 237 4490 4466 728 1565 9991 4340 979
194 4854 2083 2024 2048 7270 8851 4695 5426 2781 699 135 3586
195 5464 1012 3264 2523 1184 458 2070 9812 7568
196 6444 3406 4178 7134 2393 8390 9829 5923 8538 5467 4662 4635 4695 6331 7902 569
197 5138 6602 6799 5673 306 9290 7207 7453 5071 7298 1923 7694 7786 8125 3371
198 6371 1787 9379 4197 7344 2105 6553 455 694 3456 6744
199 1727 2654 5190 2582 141 7547 4758 6463 1064 3015 5149 139 9848
200 1636 5328 1344 1901 6370 421 8135 8330 3971 7048 7064 8609 9848 1383
201 8558 629 3016 6560 7016 315 3324 4488 1927 949 8116
202 8825 6260 7550 5913 4140 6125 192 1787 9179 2660 4537
203 7937 5687 5218 7521 8549 2818 4524 1080 1248 1033 1028 9986 511 6029
204 6900 324 6574 8659 1631 4819 2747 3653 3600 795 8422 9137 8293
205 5016 7190 9396 5127 2882 6601 7532 5756 5054 5668 3316
206 2381 299 7957 4966 637 5094 3912 436 4456 4752 374 7429
207 823 8676 7904 2697 3216 6999 6485 3360 4303 5168 7510 1728 1176 7864
208 9963 3942 6395 5237 1948 419 1906 7650 5151 8690 8210 4091
209 1324 1451 1152 7068 3719 3673 2039 1764 7856 1588 1776 6909 6526 352 259
210 9142 3975 6094 1807 8542 3832 7778 6455 5015 1900 148
211 8322 9896 7529 1200 1144 7104 2540 6727 3271 8982 6071
212 961 9981 1288 338 109 5204 7581 2817 259
213 263 8485 9492 319 8885 670 4715 9266 2442 1740 5925 6797
214 1427 4247 4696 5444 6836 8602 5011 8850 538 5768 8102 18 9349 4035 4020
215 3566 3189 8890 6443 7051 2438 4368 8624 9155 6650 4230
216 8225 9308 1753 1350 1490 5202 7873 5004 9265 5848
217 1068 8689 578 671 1844 4292 4476 8656 8491 5412
218 7594 4563 243 609 2644 2165 2002 4224 1994 6295 7011 6961 5254 4352
219 7945 2115 7633 7408 3662 9491 964 9829 8785 1540 2392 3963 7787 7126 4765
220 4171 8563 403 8239 1527 4401 4062 2754 2938 8108 4855
221 317 2829 2370 4130 1513 6386 948 1738 6269 6082 6938
222 1723 1316 1676 8082 1650 305 336 482 6865 5909 7845 1105
223 926 2628 1689 7529 7073 7981 1457 378 6780 2837 4004
224 1182 5301 4186 9505 4260 1853 7280 657 1077 1643 6832 6070 6534 79
225 7793 5868 2827 10 9605 9971 4339 1896 5708 1654 4628 4629 9461 7852 979
226 7089 905 5549 9850 9914 974 8146 801 3251 1625
227 8215 525 3854 278 7302 8354 4953 5143 5985 439 4055 6739 9114 4784 7519 8470 8994
228 5332 9310 1729 854 6056 1485 8837 2009 3505 1610 7545
229 6716 3425 160 5903 6703 8147 5172 8310 4838 2633 1699 7610 7575
230 3862 8113 3142 1301 7169 9190 1514 1939 1930 228 7799 7200 8439 7630 6889 5992 5064
231 2605 5769 5581 9305 5521 9566 5608 5578 6459 6808 9248 443
232 8346 4850 9438 1118 1666 9368 6009 2423 1146 2940 517 5038 745
233 9754 4167 7201 72 4495 6523 4757 6928 2625 1780 313 4362 4664
234 7274 7459 7978 9520 7691 668 6452 4218 3840 6176 9787 879 7541 4959 1668
235 8236 8854 8721 3185 7471 8538 6848 7497 4348 3842 3099 6752 813 1252 1145 2345 5458
236 2728 9048 9469 2032 3475 134 6614 2432 5761 7702 1942 3761 6880 1496
237 9161 790 1283 4077 6617 2852 7417 2495 6426 7574 8848 9615
238 7761 2472 8203 6189 5115 4587 1707 962 8511 7193 8248 9848
239 5140 4874 4325 5743 5159 8839 4748 5692 5831 8893 2192
240 1758 182 6640 2008 1815 3397 9382 6636 5763 8809 1667 477 2001 5752
241 8100 9083 4572 3268 2265 5449 8213 9640 2624 4349 253 1918 9936 6666 5174 1619 1150 5869
242 6203 3090 2613 3743 9528 490 7151 9168 6841 7027 3862 3404 2518 8491
243 6755 6309 9915 4478 1813 899 3124 6075 9603 4941 207 6833 5341
244 9408 9393 9875 5763 2490 1044 2249 3465 7268 836 3029 3567 5446
245 7128 4041 8657 7577 9737 7286 903 7554 2458 8043
246 5587 6658 3092 2174 3893 924 209 4098 3990 2489 8599 1774 7240
247 533 1005 3614 2570 1390 8683 2374 5343 5649 2516 9583
248 1877 5105 9725 1084 8914 5556 4505 9432 8567 9113 1400 6074 7012
249 6368 6840 144 7035 4611 6247 592 9056 9401 8726 518 3371
250 4089 7059 2634 8978 4630 3810 6869 6032 2446 2561 7667 828 1314 2327
251 6004 9714 4161 5282 6730 1864 1946 2623 946 4129 5064
252 7876 4144 3789 7448 4017 8844 7382 5786 2385 3418 412
253 2848 93 8191 8427 2945 5018 9246 8039 1859
254 2282 8152 9835 3423 5468 8632 3538 293 6838 6709 6340 1242
255 1392 3287 9450 6648 236 8149 363 5346 1557
256 627 5499 3021 9675 5796 2645 4686 3668 168 4157 8193 6920
257 8577 8510 1118 4782 9618 915 3856 3314 7549 3072 1830 478 3823 4020
258 1017 9771 3531 8996 8943 4851 4749 2819 6693 571
259 1938 2526 928 5120 3512 1230 8822 7045 77 8176 9277 7476 3308 2139 2615
260 7353 5040 1721 4751 4090 7075 8198 5877 5315 3410 6186 30 3163
261 5941 3180 2572 8388 9912 5035 9537 4498 2995 8947 6537
262 4914 6042 1987 2561 2092 2841 9190 501 3123 1964 8912 7755 4561 6692
263 3603 8317 4491 123 7232 6602 7356 5382 1889 7047 5304 3144
264 9419 6956 5259 2290 3210 6984 7804 7303 7251 8123 5043 550 1571
265 7868 3132 4267 7772 1373 9210 5710 8949 2769 453 1264 5193 9615
266 2977 4926 1082 4655 3605 1701 9584 2143 1598 7874 84
267 9981 3770 3359 4370 856 4926 8744 6015 1552 5762 5307 2962
268 3367 9432 9440 393 3069 5285 8742 8497 158 8450 5643
269 1378 9502 1296 2494 8774 6556 6816 7741 1479 8183 935 3877
270 5819 845 3794 4738 6176 1559 1351 2731 6604 6148 7252 6672
271 2144 9634 3385 4834 7386 7784 5682 85 61 6324 4375 3877
272 5013 6221 4050 6639 3266 4594 9887 4885 929 9351 75 412
273 3884 2049 2461 78 63 9871 1978 7245 8574 5630 1623 9958 9731 4176
274 2314 4201 8730 6322 9814 3448 5861 9707 372 5316 8259 6054 9842
275 9610 5020 2094 8768 1919 3385 4144 4642 606 5895 9040
276 2836 582 9738 7259 7973 4947 6656 171 6374 6126 183
277 2421 3181 9084 4277 7165 3662 3442 4327 6120 5245 4134
278 6169 240 3201 561 6892 593 8962 3609 794 921
279 631 1942 1748 860 1308 7952 2359 8350 5483 6539 1611 8861 3897 7291 9942 1542 4199 4314
280 6481 2964 7859 3269 9280 4235 4677 9469 2107 2368 377 2288
281 5857 5154 5800 9103 2099 4278 6909 5141 4724 2721 6533 4529 88 8418 6482
282 1302 8702 4500 3573 8473 5398 532 8453 9445 554 9984 1117 5219
283 1371 3627 9489 2469 3358 9747 9422 7197 9483 8293
284 5516 809 273 3373 7376 8030 106 1194 4667 6218 9374
285 8869 5937 7810 8039 3414 6425 1138 5052 4636 3958 6547
286 7020 8090 3205 1592 9312 8927 1890 4568 7697 7056 6899 2
287 3344 5208 5872 4814 28 8916 4892 9274 5008 6666 971 6967 1752 7762 6049
288 6574 3596 8743 6144 254 2981 6501 3702 3766 6145 8801 7703 8566 2518 3144
289 2487 927 7976 4358 9592 2138 334 864 3444 246 6296
290 5608 6559 6968 1626 8025 8691 7077 7942 5777 6435 2383 7742 9834 2904 6258
291 8397 6052 7563 9922 6204 8363 7385 7484 8941 4254 1119 761 7179 3032
292 5765 2913 3943 7618 3726 7263 6612 6329 8408 7033 5600 9050 3077
293 6913 9906 4725 8786 9010 6338 7036 6803 3436 8493 531 5268 5457 8812
294 7435 544 9872 2959 9047 7738 6573 5393 5828 3236 742 4985
295 6877 285 1236 5404 4396 6519 331 2301 5297 3509 3316
296 6133 9042 2556 4557 2692 9267 9899 4272 5145 797 2736 4045 5029 3032
297 2216 389 8400 3206 8265 5037 4371 1663 7742 7880
298 2802 3641 5431 8389 8999 8505 9125 9315 249 8529 4252 4198 6538 2288
299 3967 7905 2471 5875 1652 997 2997 3302 591 7701
300 9572 8607 7865 4816 4803 8808 6580 5425 8918 8105
301 9486 63 4174 5024 6655 4726 2791 1851 806 7606 3961 5677
302 8063 4862 9481 3197 1824 7840 5546 3657 6628 6771 1534 8134
303 8264 9996 3204 8686 8247 3283 3899 6731 2510 7789 8157 6196 9075
304 1876 9590 6330 5439 6007 1305 8507 756 5113 7351 7388 1914 8958 9809 7786 1546 3982 3783
305 1506 6511 8157 5086 7172 3592 111 3182 9542 6619 769 7013 3232
306 2412 1432 6868 5494 7677 6299 2031 2223 6622 814 6163 3051 7137 5448 1871
307 155 1905 216 5337 3782 3228 6918 2608 7208 6620 5417 7029 8470
308 3883 5371 3565 2516 13 6063 4486 7404 7381 2256 5295 3022 7461 8533 7553 5583 4985
309 2722 6867 5690 2297 3026 1989 3298 2636 3628 6049 4352
310 833 2022 3378 3972 8610 7869 6147 2476 2947 2728 4245 9014
311 6263 5187 3573 7885 4658 9883 6579 7798 1968 2963 6437
312 6680 3291 1202 4874 121 3915 8556 2987 6795 5345 1043 3144
313 2672 3859 2779 2363 9678 7970 867 1839 7308 1051 8552 5895 4699 8284 8907 5962 2962
314 9561 7624 6429 2432 8403 543 5182 4643 9126 2995 5873 7369 4501
315 6736 6393 2708 6841 1537 7689 2860 8576 4138 2136
316 6957 7451 2664 5309 2492 4845 1769 4521 3010 4898 1799 7880 4035
317 6238 3574 5529 4802 1879 3127 197 8342 6817 4575 7958 2972 5112 205
318 9041 4523 2730 6043 836 7989 1268 9447 1727 1859 2112 3537 2426 1287
319 9966 9019 7485 9335 3716 2123 4439 4055 5232 2444 7941 8852 5448 5620 1081 2666 8832 4527 7012 5762
320 694 5499 7808 6413 102 3333 5676 3175 3959 4039 2037 7240 6613
321 2885 8089 7819 9366 7375 5654 9090 8170 4993 413 3767 4790 9780 1560 7438 2288
322 4868 9775 7032 9674 9702 8724 4872 4566 4828 5800 5553 5541 2900 4027 5099 7266
323 6117 5378 5399 1678 6098 779 9484 7832 7219
324 4815 4216 6530 6699 5678 8464 9816 4580 7611 6457 815 2941 4051 9007 5507
325 2098 2464 1447 7745 7867 3577 3349 2670 3351 5596 2350 3307 5387 1934
326 5982 1181 9221 632 1288 6273 7058 834 6289 3932 6986
327 902 309 3346 5573 5023 5017 3895 1962 9437 3098 8343 9852 6467
328 4030 1371 4060 3305 8230 100 9371 7021 9647 989 4661 7057
329 8714 5049 3233 7090 7607 8192 6489 6835 5298 8331 221 2123 2437 6949 3521 2962 4967 2643
330 6936 5699 5262 1347 2801 31 3038 8926 6001 6082
331 5276 6448 4659 1255 2156 8414 2987 7434 1326 9995 9656 3994 3013 2624 8881 3950 108 9270 8005
332 2253 4969 8790 1159 4598 3411 5183 5598 4684 5802 1524
333 1034 4621 3650 3476 6722 1580 3737 8448 5912 2189 7214 7829 8700 6581 513 5838 8671 6584 199
334 2622 1640 8745 1907 5550 2379 9487 2941 5097 1149 8462
335 8088 4592 8032 9493 5402 1663 7945 7030 473 8599 2128 732 3584 6327
336 1518 2559 1482 3891 5613 6440 8880 1969 6222 2957 508
337 2261 3473 8585 6228 6644 4016 5790 1018 3918 7092 9990 9374
338 7662 8521 7435 5391 8860 6789 5261 4649 5977 1246 212 279 6635 8994 183
339 8347 1448 4931 739 6372 4080 5279 2681 3811 6046 1273 6643 3371
340 500 5617 645 9031 386 3741 2118 8371 5135 7751 2288 4314
341 2714 3418 3178 2315 3671 2130 7654 7350 6713 3195 557 5412
342 1468 4665 2755 9840 4155 6896 1178 194 8499 8502 7199 6281 2121
343 9234 6076 8670 3041 3523 7674 7346 5713 9704 5643 4824
344 1201 2828 2348 7225 3674 9921 3669 8158 114 5117 7802 3797 6681 5248 5762
345 4900 7300 5889 6652 5136 8242 8945 2984 5534 5150 5066 6387 8908 1336 1276 468 5848
346 1417 4800 29 3171 8077 9612 8031 969 9286 3672 2327
347 4584 5497 2334 5667 6493 9011 5859 9334 6869 3043 3936 9545
348 6886 5139 6678 8127 6081 3194 3219 4153 4341 6938 6827
349 5694 6284 1269 8385 442 5785 4703 3227 4544 9943
350 7523 426 6506 6429 8595 7562 8357 516 2335 5251 5322
351 6743 6151 6188 5089 6361 9992 3353 8418 1209 5038 3470 6762 8341 6428 1586 3836 2693 9027 4070 9968 8439 3032
352 2159 9410 6912 5792 4355 9275 4935 9881 3068 9688 9968 9244 9533
353 9123 4522 7066 4438 6137 4664 4122 1489 6121 1153 8410 8503 4400 8470
354 9963 9606 8318 6811 8268 1038 8700 3299 5060 5584 7998 2005 1534 9533
355 4165 4125 6319 3076 2816 764 4172 1169 2465 264 4314
356 8272 2896 3530 3208 1635 1669 4549 765 987 409 6332 7811 9199
357 9459 5595 4673 6926 1658 3977 9610 4809 7116 7586 5288 2735
358 4217 9768 6034 7755 4185 4740 3237 9591 1161 7841 9957 6482 3758 3836
359 5575 7401 7767 9844 4372 5071 1302 3127 8964 8605 4539 718 9885 1241 2569
360 9763 9906 3583 8757 9616 6146 5986 6884 6106 8856 1984
361 3448 6942 8847 7380 7543 8096 5905 2239 6137 2191 4901
362 8045 3626 1963 7087 2660 660 9034 4284 7228 9206 6254 3199 3489 380 8834 5401 374
363 3522 2825 1695 7454 6577 141 5743 6379 6510 1617 7 7699
364 1073 5599 2844 9022 4880 2434 6276 5073 118 2416
365 911 4128 6377 3421 5886 4209 7452 2883 5925 4393 6919 1267 4345 9533
366 2420 8740 7318 3988 1563 4777 2007 2355 4462 8559 876 2662 5821
367 5030 36 1824 271 1331 2796 7515 9222 9582 7755 6789 3869 9086 7992
368 5427 7735 1037 8011 396 358 9204 252 2342 3969 2745 6347 4909
369 7301 9512 8743 8968 6612 5757 6399 1998 6594 6020 4901
370 3762 7440 9683 2361 2924 3279 1584 984 692 1093 2346 7120 6547
371 8186 1715 8366 3117 449 8038 82 2164 4000 9621 8386 1367 7948 3395
372 3874 602 5148 9769 3271 6814 3007 4461 8484 5492 1375
373 4196 1187 1574 1520 3246 939 8156 8292 3157 6460
374 3826 5220 549 2231 9231 9307 4684 6378 6148
375 8735 302 9402 5107 1431 3908 4820 9246 8462 3012
376 3149 7769 2161 7118 4618 739 1743 2434 3327 9370 9132 818 5520 2109
377 6279 4366 4318 9977 8160 2733 4407 7854 7797 1216 8227 6547
378 4599 4424 6357 4852 2086 5755 3713 6290 7008 6327 6101
379 2447 4580 6864 1199 9738 9415 4955 1741 350 478 220 5656
380 6667 3217 5725 4873 4023 9232 2521 4372 1646 5072 3103 8130 1429
381 2712 2539 3719 8984 8805 3214 8681 4136 1023 7685 3700 678 5838
382 2719 6700 9358 7657 6122 1737 6185 3046 2047 5010 3331 8174 9043 4314
383 9535 5533 6268 4702 1884 2389 6911 5971 2077 5781 5379 2670 1710
384 6917 7272 5388 7775 6055 9890 6066 9217 2475 6103 2927 3827 4985
385 6037 3267 379 5496 5984 3640 2674 6002 7627 6230 2595 6545
386 9258 7357 9429 2367 7074 3282 7464 8711 6014 9623 3320 9299
387 3370 320 9857 9750 8217 9494 285 3639 8904 9716 8780 1528 1858 2676 8977 6778
388 5829 1431 9418 8312 9207 4933 7580 2220 5532 7806 1299 2240
389 2435 1210 12 642 8906 5570 5845 3710 6784 5122 5748
390 7469 497 708 9403 6158 6446 2942 3761 138 7807 3380 250 2773
391 7658 2846 7000 4950 4326 763 4143 5302 5627 7219 5723 4963 9007 450
392 2934 3224 5623 5296 471 4534 3147 7365 4732 8960 9988 4801 2182 4558 76
393 1279 6606 1169 8335 2097 7504 5395 8846 5114 2747 1670 2 745
394 6750 530 1700 8790 7573 6664 5153 7676 2981 4281 1141 8858 9979
395 2521 9340 3526 6579 3524 746 3350 1616 6354 8169 1123 8053 321
396 1870 6878 9949 303 7025 2909 204 6654 1065 8601 1784 9270
397 5558 9911 3970 5980 6382 4323 107 1777 9670 6320 4350
398 4865 949 3777 2477 700 5747 5815 6311 1880 922 1020 1680 1939 6275 9236 8068
399 44 9752 4726 1292 1304 5529 2627 8382 3998 703 9807 7526 1042
400 4902 8568 5687 9566 9962 6377 7444 3879 8360 5005 3705 130 5248
401 4895 1114 7142 3613 3297 2740 9302 5772 5078 8199 1461 6727 3513 7790 476 1134
402 2919 2869 6677 3650 7553 9514 5695 1903 6502 4073 3822 1929 8794
403 9758 580 10 8552 6284 4285 2608 956 4685 9256 7164 2520 6917 2060 4129
404 6674 8557 6596 7105 6634 8050 8734 7560 6899 2545 1845 9549 4607 9476 7782 5869
405 2041 1920 6626 8143 7269 7264 424 1512 2750 2377 7216 6465 1763
406 5943 4721 6415 713 8902 2672 6129 1525 2318 9666 7411 3699 3106 9013
407 1482 5839 4133 7721 3076 9288 1789 353 4168 7290 3081 4913 1158 8775 1121 5880 8130
408 4187 2203 96 5659 142 8467 1097 9481 2404 3490 1961 2488 9989 133 5219
409 4405 8449 3766 7656 4471 7993 6164 6105 8064 3961 4057 9129
410 3011 4053 7993 2919 5013 1890 9652 3431 5944 910 4027 8005
411 5799 1838 8021 2593 6143 5636 2528 1792 2417 4712 6336 3203 917 9607 8498 9903 3023
412 4518 7160 3193 2150 4154 4613 9718 1664 1578 4402 9023 6470
413 217 5664 8886 8411 1416 9468 2195 1910 8992 9129 4377 6692
414 4306 1965 2267 5892 6586 8936 1590 4930 8750 4842 4923 4180
415 778 3802 1541 9859 370 2218 373 8650 5355 1852 4313 4343 6986
416 5245 2160 6019 3548 5376 7256 711 1196 8399 5198
417 577 4821 3065 2706 7491 5642 8949 5900 1930 799 5503 131 4035
418 6426 8200 1294 849 4720 5183 7963 229 5836 9301
419 9820 858 5484 6413 1675 4331 9281 3569 9879 1290 5177 8155 7559 8973 8512 9453 7732 7285
420 2531 918 8373 8011 9628 3970 4550 8815 5714 8168 3362 776 9933 8125 8406
421 6255 2687 7582 3384 6996 9287 7049 8703 4586 2034 3885
422 3939 483 7898 6506 4893 9793 1688 8452 7697 8770 6855 9244
423 1030 3598 8094 8262 9130 7602 9181 7810 8967 9433 8685 3079 6021 1134 7736 5962
424 3941 4672 7493 7925 3452 7409 8319 2850 4931 1281 3697 3753 1496 7883
425 4713 6906 2780 6794 6504 9797 7104 6895 5445
426 9855 2720 2200 386 6873 957 2267 3100
427 6764 1180 4038 8543 6328 5188 8782 2965 2834 4159 2187 3125 9178
428 2587 3715 1687 3428 1639 9383 3577 8527 2463 6851 3006
429 1975 9370 9464 7253 9386 181 3768 3729 7848 3262 3052 5651 8863 8649 3509 2340 3728 7153 2643
430 5865 8707 4976 3337 2841 9680 7512 3293 6499
431 8437 7174 4979 971 7082 3306 4135 3740 4987 6262 8776
432 1549 4102 9863 1606 4182 1797 5751 3129 8067 222 5333 3207 6067 9453 2666
433 4650 8532 3688 274 3290 1919 5547 3352 3563 8635 5539 4497 4664
434 978 5976 8476 7731 5971 2296 8959 737 2040 3159 148
435 6998 9478 8265 9093 4087 1745 8821 8316 2150 680 6411 6201 7820 3163 7949
436 9782 3132 8509 4417 2287 2461 3506 2299 9265
437 3822 530 1686 2259 9701 8862 3564 7959 3385 1140 4369 269 455 1731
438 8099 8214 2839 9456 2812 4274 676 5798 4858 8806 8612 8423 625 7997
439 100 7593 4503 3980 1468 1007 1370 4191 3428 2029 6334 6712
440 6448 4159 6592 6714 8951 9655 7689 5933 2355 5655 5964 8736 3516 2810 7459 2307 5565 447 6938
441 9924 2531 362 4642 2020 3952 9111 5527 22 6424 9008 5099
442 4546 4273 6048 1122 537 1174 4012 770 1411 7416 4453 8015 4686 1140 843
443 7076 7183 3853 319 3648 3181 6289 434 5473 767 6982 5884 2555
444 7539 2127 5591 7850 4011 3460 1171 8908 6102 6924 2516 2395 8556 8644 5715
445 1977 2580 7977 3979 3828 8864 3301 4971 6658 7165 6903 898 8270 8922 7652
446 2104 3608 7248 3714 110 8370 3485 3154 1190 1085 1315 4891 9462 4692 640 1979
447 2330 629 2388 4705 4179 6948 6858 4887 8766 5239 1358
448 2845 3803 2981 4084 5877 272 3760 1875 5302 206 8142 4340
449 4688 8642 8898 2108 9939 1561 19 2751 9982 1364 5880
450 2746 5634 8717 6506 8583 6279 5602 630 7079 552
451 2185 5991 3801 9509 3683 4044 5632 8710 3250 5766 744 3365 771 1734 9842
452 5495 9413 555 4861 4522 5235 6035 1322 9199
453 3269 1437 550 8687 2861 8715 8840 4097 7039 9115 4509 6570 4950 8344 9107 7699 3894
454 2515 3590 5273 9363 3325 2765 1999 8738 748 8386 5899 3004
455 8086 5228 7368 8440 7004 1587 2843 6168 2369 1212 5234 6747 2264
456 4863 2992 2277 9149 1683 3660 5881 8667 3407 4644 5006
457 1585 289 6183 3134 8972 7470 3945 3916 2070 8652 6375 5349 1846 5437 4765
458 3812 8911 2126 9723 6681 3896 6554 6682 6099 9233 9772 3709 8059 8300 847 9669
459 6563 5624 4623 8930 2451 446 2849 6843 9230 2501 3937 8387 7240
460 3457 5453 4530 7238 1988 4449 5011 9447 2752 5770 4176
461 8975 4312 8596 3284 6349 5170 6859 9838 5478 5949 4487
462 5376 4329 7343 6585 9781 5152 5055 4261 5911 2396 4893 412
463 4859 4376 2050 3188 1932 8627 9122 1794 4381 790 7846 9722 321
464 8714 8966 209 6691 3027 9067 5298 2509 1330 9800 524
465 1604 4576 3322 3693 7097 1634 8546 3458 2657 1238
466 9157 4328 714 7363 195 4605 1841 9686 2405 3717 2407 7296
467 567 6865 6732 5856 3348 9637 3066 2338 2450 4559 3813 1796 7521 2538
468 4810 9471 3691 4983 2589 1542 2252 6045 3493 9025 7753 8939 2547 7321 7198 7204
469 3277 6215 4283 9776 1624 2539 7639 5936 4307 2431 6087 9689 4705 6226
470 8190 9106 2508 8827 3005 4506 7696 6358 8817 3986 1262 4504 6234 5645 7751
471 1849 8027 8001 9345 2302 5121 330 8158 1297 9548 1576 1579 4342 2058
472 122 9975 509 1135 882 6490 9245 5237 2457 3135 8269 6030
473 3536 2604 1686 6092 7840 7638 6012 9416 9694 5462 4043 3111 7968
474 6572 6622 3368 3484 5888 8684 430 8167 4560 339 1225 5500 625 3830
475 1226 9935 262 864 7999 47 4112 2087 7314 3050
476 8626 2830 1470 5310 6164 8028 8036 7612 7415 3818 2892 4765 6134
477 3855 4483 2378 2111 6599 6567 8718 1936 4047 8061 7163 2699 9224 9007
478 1558 2355 6439 8898 4383 2799 9873 5506 4333 9259 4822 4423
479 8324 4265 4632 2286 1549 8885 2514 3375 2433 54 6351
480 8075 6500 1061 1581 7650 5415 4788 7914 4412 9999 3833
481 4949 3907 4394 5075 7590 9626 6471 3923 9648 719
482 2776 5622 3951 1197 6543 6434 9858 4866 4452 8586 3821 1521
483 4730 7779 9063 9622 66 5537 7686 2961 1162 5574 5057 2184 9579 7456
484 6607 6684 6457 3547 5372 9444 3467 35 9527 7622 3533 9576 8830 8062
485 5729 9328 3289 4736 5135 9348 5173 5303 9211 6931 9632
486 6033 8434 8061 8528 6881 832 6617 641 9638 7720 7159 8623 3742 5006 6404 7120
487 8788 7477 9287 2946 1913 9384 557 686 2117 6389 226 5454 7354 8406
488 3019 6383 6786 1786 3044 193 7035 9002 4850 9400 5726 8105 3163
489 2400 5199 6732 1746 4552 1832 8720 9611 2068 4583 132 325 1429 6030
490 1462 6572 2447 1202 7084 4837 3534 735 1878 6550 1125
491 4086 7766 636 5730 9523 7060 5074 4994 9736 2808 5432 5696 99 2175
492 4366 6531 1403 2145 6597 4282 8949 5428 724 5738
493 8501 681 2541 7102 3679 4837 1510 8355 3550 4363 9654 6021 5340
494 4428 1474 4469 6941 7581 127 5290 4555 697 1719
495 1220 7712 4554 4463 7474 4864 9640 5614 4760 6943 2813 3635 2537 8125
496 2354 7368 8619 5116 9402 4291 1705 2486 9132 1923 5775
497 8979 3841 1015 5041 6807 5771 8583 9500 7858 9283 4844 282 7392 43 7899 9834
498 6065 5758 7023 2551 2713 4783 1325 980 2741 251 3113 4920 611 6250 8508 1117 183
499 6335 3660 2812 5180 6839 7844 7488 1630 6040 9671 2116 1868 6054
