100
0 1039 9575 1579 107 362 518 160 3160 20 4548 435 22 4048 242 14 239 28 1799 186 1009 1021 1804 17 8 25 5561 62 16 2622 8353 463 88 442
1 33 405 6961 428 7589 3828 108 180 452 1360 515 213 633 255 2343 1190 89 156 161 65 2406 2152 1215 1704 248 2029 1852 631 57 664 890 1290
2 5688 5301 2881 27 64 462 216 114 31 1511 260 90 480 6232 5801 1044 1175 80 196 738 221 7559 6677 82 4797 619 58 323 2134 296 65 6616 339 1168 3756 583
3 581 6329 3811 98 41 19 3313 137 1714 25 172 679 4270 58 459 92 507 2824 506 174 2219 4264 147 7924 199 446 67 84 9138 299 24 5519 5329 954 143 74 7373 2371 549 583 554
4 362 130 3541 24 2413 3227 514 139 606 342 105 1389 89 28 144 1071 402 52 160 43 26 1073 217 119 36 511 993 147
5 25 31 16 5 130 240 39 9 43 387 105 496 35 20 24 1239 4 143 4752 57 3513 175 809 19 12 90 937 2301 1966 180 107 139 199 303 155 6049
6 5165 36 976 5570 6702 1147 227 11 1370 1314 173 56 122 945 57 607 1054 698 3659 1073 1041 159 293 3349 182 3455 150 234 22 69 145 1334 7624 3244
7 169 9109 3698 833 569 1000 7 17 63 332 8486 1452 1 44 3 92 177 302 236 2096 496 27 6031 3842 3228 2491 88 819 21 46 41 14 461 643 3929 4371 7624
8 4316 293 6696 2204 279 219 261 40 141 1014 202 487 212 2608 3969 46 50 41 94 438 1381 106 368 650 4674 3082 152 552 69 8080
9 0 248 2725 31 110 75 2170 6 225 1 128 6038 2 2925 10 258 29 9479 3 8 23 2013 30 11 996 80 15 36 1017 78 176 355 138 6304 6729
10 1138 694 206 513 7320 127 10 3199 6842 68 560 11 37 9039 200 466 149 72 44 7033 160 265 336 79 71 26 451 183 2239 34 108 30 105 4106 1575 69 2848 1737
11 281 347 14 21 41 591 15 409 724 496 415 174 1552 8629 17 1855 25 826 6423 7180 488 18 472 490 1375 1473 1958 1384 138 1495
12 52 20 13 399 579 2164 6531 62 98 2202 10 5 6756 598 2986 33 998 6058 21 15 4 129 6022 6037 7 43 92 5722 69 136 74 27 28 2387 108 355 120 869 1263
13 9888 102 237 1250 2169 4072 680 43 1677 623 109 119 1371 108 1402 56 132 1109 77 514 1499 1318 528 122 2735 95 3648 20 3284 3700 1413 1597 1482
14 32 128 3528 1198 151 933 1477 762 306 3009 256 5079 1235 31 1240 406 1245 9428 207 4752 286 242 1748 2321 863 5430 681 9894
15 2795 453 618 8484 5672 169 172 7870 2874 829 3044 7826 6650 35 28 168 789 528 6025 733 521 879 497 112 311 73 1715 5951 147 49 3561 1495 1263
16 68 1050 650 1277 3632 1280 805 37 1762 2052 2768 2349 48 4001 65 24 1681 344 4937 246 2645 3243 3417 659 38 1704 450 331 1902 5222 220 1995 243 5429 303 4023
17 1743 4791 5893 186 70 2571 1927 5782 591 11 61 122 390 357 352 637 3731 29 46 32 17 84 3900 879 307 49 436 5715 111 135 14 214 940 119 252 968
18 427 87 270 738 1305 297 39 22 1744 55 3053 158 159 3891 141 646 701 982 506 93 544 1960 40 38 750 7935 4388 175 35 3813 79 8001 389 632 8334 4102 138
19 3758 826 75 21 188 25 149 4783 42 423 258 633 109 68 2673 1088 431 23 1529 1428 3797 6847 88 12 108 37 598 4639 11 6628 1151 303 708 138
20 1 3 89 10 1797 149 3575 652 706 5526 127 1052 181 77 9 1713 9798 17 465 1886 262 4553 2930 327 49 128 120 410 126 907 797 1290
21 497 67 292 1424 2049 555 5 16 227 24 49 111 411 22 3494 6480 110 4482 3324 1913 30 29 118 595 311 1686 83 171 7284 5902 1152 11 126 2264
22 1851 4 7480 3009 26 2 822 20 6747 9 0 205 39 2256 163 1496 47 5 94 23 2876 126 12 115 2250 116 11 327 353 3424 8955 1290 1310
23 10 150 187 0 1201 53 758 261 13 947 23 19 894 39 2 74 375 572 281 99 4 9 18 842 1925 52 37 2282 7202 6 8 355 1793 139 28 138 6459
24 19 799 70 1 0 45 178 16 17 6 1067 4571 1476 41 1890 9 868 902 48 804 38 2 26 5117 528 8 18 14 302 100 163 5421 30 2960 731 728
25 3 14 57 25 125 9677 44 13 8 4397 15 150 4 302 2947 1 0 199 1037 2 6 17 4911 6260 32 2725 769 542 27 158 104 12 19 18 166 9205 120 7382 7242 236 5482
26 82 4630 210 313 20 1828 1177 170 53 358 9359 129 408 6126 2313 118 1434 3164 803 2261 899 772 414 62 40 240 254 5215 134 898 237 740 37 194 3032 5150 332 4977 1876 554
27 207 2649 36 2928 22 9085 500 37 11 23 2243 151 27 89 8614 984 2671 21 7176 54 10 198 623 185 265 660 29 135 2430 157 631 7199 3932 1109 88 7915 885 3389 468 3467 1954
28 32 301 55 78 44 23 4955 159 293 15 8729 2272 67 4 5933 167 478 318 1538 34 466 29 524 320 77 1121 16 31 197 199 1344 1000 900 968 1263
29 34 98 6281 249 611 848 2247 3255 8278 223 3577 258 524 1754 837 2495 66 9918 270 82 250 183 18 478 1105 886 93 534 2058 398 393 7791 725 5661
30 465 340 2527 191 109 4723 944 595 1038 1418 145 209 4104 8 6 1428 914 7364 8938 602 7774 788 49 275 12 3660 42 367 3536 1087 4473 252 372 1583 468 1173
31 6399 13 488 544 18 83 12 61 842 38 185 63 20 209 96 45 1015 33 52 21 1990 3631 5909 321 95 721 87 601 258 243 161 135 28 931 3458 8 2402
32 1506 68 0 7 9862 6 3 4857 121 76 105 4625 332 1 30 2557 9 830 7971 9407 1151 2 1193 402 10 6481 1788 755 37 368 43 980 5 1917 554 2486 5921
33 724 175 769 139 67 59 216 2492 160 287 550 5294 1253 5167 4113 596 20 4958 4 3428 2564 2552 69 56 817 381 419 81 98 5 184 9736 15 28 1900 3097
34 0 1 2469 514 4 2 6 14 146 19 15 548 114 201 65 16 9 57 444 35 21 9952 3218 54 7 5 3 2776 268 140 32 3222 1752 41 44 48 28 155 968 2153 1290
35 3537 198 102 1959 1830 37 85 73 101 128 123 3790 12 10 899 388 6077 3020 350 907 9230 184 1452 1061 996 8313 791 61 2239 4472 1017 3555 87 88 173 195
36 105 1072 0 33 160 61 842 5929 2408 2 130 162 637 15 513 214 81 4300 137 714 631 501 7475 747 7315 702 2715 74 291 3175 409 632 977 8 139 859 2591
37 160 2857 6565 481 165 1579 113 308 7367 30 1189 1959 110 2751 1116 2083 295 263 722 20 137 2205 279 6662 25 1097 9225 90 39 56 2268 176 485 1315 1482 3097 1737
38 546 5551 8131 3359 73 40 225 314 856 141 7372 809 323 6166 5803 1337 6466 75 3025 256 205 55 3833 120 257 3330 70 59 3478 7677
39 16 257 25 102 0 80 344 3 194 600 14 130 9 2 547 99 1 8 5634 367 19 46 57 269 5111 4275 6 1578 1051 219 229 583 5381 554 138 1671 968
40 61 375 1401 16 3879 907 1053 231 192 3753 8 5470 131 223 20 1570 50 628 1880 1627 1503 78 1010 23 2491 146 67 211 796 772 117 2600 2445 2745 290 1583 1591 1263
41 4 28 11 34 160 13 2836 111 4648 1291 1776 181 1909 650 206 1824 16 19 3831 132 342 374 73 422 484 1877 5942 2157 1595 998 3661 49 23 1548 102 427 8 62 2780 3198
42 14 2153 0 2 249 7 8724 1321 44 1210 364 825 115 651 154 669 110 5 7905 2931 490 8911 2415 453 176 5154 527 2096 85 15 1726 372 18 214 6373 184 487 2444 686 243 708
43 502 71 100 231 81 24 6258 306 61 309 399 1598 252 215 132 477 2052 66 5423 238 296 52 373 4286 568 689 1128 760 1416 301 158 388 4929
44 2 0 133 1871 580 4533 8855 120 1282 70 719 378 163 4242 44 165 162 245 1880 1 320 6629 98 1391 8892 5760 5666 195 2872 197
45 150 39 9478 7862 4560 1732 2904 127 730 425 8009 140 171 3016 495 8512 8309 7986 187 70 183 533 1428 3775 2611 91 377 1108 1073 1202 1894 1510 181 90 6035 1310
46 3056 244 8060 53 92 35 33 3987 5295 61 320 833 729 2477 5513 2654 112 3842 169 55 443 2492 854 79 189 20 4259 592 31 581 1978 1502
47 46 101 68 3946 8901 562 2437 116 259 1521 73 66 4157 657 64 107 188 269 60 1264 1017 2894 1130 218 278 1582 3689 3995 2478 404 4178 2818 1482
48 0 3082 3025 1375 1097 7 19 131 1023 156 256 54 10 133 36 568 75 1 68 4821 102 62 48 4246 39 2 366 9 4476 79 302
49 2 1260 473 103 4207 4410 1 1504 5221 108 0 1677 140 1885 3 71 6 433 21 1026 95 186 1782 5 277 259 164 502 9 138 6165
50 52 18 154 17 82 71 126 6523 1991 11 64 1784 7761 4380 735 322 102 515 5161 1524 177 46 1493 24 3775 76 817 6828 12 3869 69 587 164 8643 3684 859
51 2148 508 40 16 7 0 7711 5031 4 53 1 143 104 180 2 6211 304 780 12 99 52 6 18 1415 160 39 2642 426 157 1692
52 120 5932 476 408 310 27 4834 137 6376 17 2345 534 397 96 14 1680 1228 4421 1229 1012 71 1465 668 12 33 1186 2292 308 62 654 29 154 21 786 82 156 383 961 19 5625 2807 424 138 3849
53 0 6 136 7559 12 4 2 1443 5415 64 325 5 73 29 1677 1037 1912 251 11 790 357 4448 9 117 1296 74 4838 856 6229 10 79 8735 679
54 5592 75 39 241 37 10 12 19 1616 21 1157 441 4921 546 1882 3512 799 83 30 609 260 4881 1843 350 164 51 8976 4031 2291 2700 27
55 51 80 1882 9631 282 242 189 2601 622 1942 370 546 421 1677 469 133 4556 114 2254 325 555 782 1106 960 17 60 42 5447 860 2185 4758 1031 22 168 7708 5603 709 1334 1502
56 103 1027 118 76 119 1207 5069 154 807 13 170 443 51 81 5795 3794 1313 8679 1185 5481 417 816 288 4244 4208 484 2280 276 846 1100 6630 948 3054 1502 5276 2264
57 54 2706 9290 72 395 4191 552 5388 35 3420 3654 470 580 767 183 433 319 454 135 5977 8723 185 48 779 235 5161 2348 877 1637 78 490 162 69 797 3975
58 1813 876 20 3764 594 5850 858 3125 4723 329 4977 95 411 2115 6424 92 7460 1338 3516 6604 7858 225 1053 641 1866 2985 1007 847 84 801 666 1587 414 38 4895 621 1077 859
59 286 382 5459 426 118 1325 1566 523 84 9913 6238 43 756 1096 5350 35 3002 34 2736 3843 6138 5333 914 1655 7979 12 64 225 149 5376 3962 83 56 3908 2187 979 536 7607 1745 554
60 163 363 341 576 1517 472 2017 13 35 645 1410 8322 113 359 55 59 7 3464 3384 510 611 24 2973 552 666 336 81 293 22 1292 69
61 208 6748 52 231 101 24 577 456 1497 20 2059 804 209 104 4312 264 2883 262 145 2456 42 5580 307 316 2173 328 117 7546 566 2794 1217 3807 410 583
62 173 8017 2475 538 157 278 57 5696 46 1439 1900 7559 96 85 1675 79 777 3345 5296 766 2080 43 659 24 36 5702 38 1395 190 292 1738 928 259 308 329 1310
63 582 327 1088 2886 8516 8704 217 255 384 64 46 3299 179 277 4221 5383 7486 408 1991 385 35 183 1123 7776 971 6834 3926 44 1772 611 648 401 926 130 355 4009 1131
64 1021 75 962 5376 328 6820 139 5855 600 133 2262 863 67 27 1313 22 8184 42 806 7712 336 397 475 234 200 19 2135 92 176 9584 1737 1671
65 400 4146 567 85 115 25 7752 34 122 392 3056 7287 192 1648 2143 2340 344 849 2436 11 59 2098 1618 1113 407 614 1336 3751 2780 3244
66 25 172 5446 245 414 293 7881 3712 8116 2285 59 158 94 200 33 136 152 1865 606 1271 1708 361 82 964 1421 2204 9987 1981 6656
67 13 0 1424 65 742 2 6 257 18 55 1 9 8 6270 6147 19 546 174 47 4 3 587 195 222 482 15 335 167 45 58 17 3692 2260 154 7 5 1387 120 3767 3975 2060
68 45 1397 6419 93 846 379 48 166 77 446 84 3140 38 3541 76 1509 2195 5038 7 2315 124 43 356 1889 402 364 162 30 1183 6094 121
69 4828 144 5233 171 687 8738 1011 37 868 157 158 12 4342 18 7 240 56 2919 5954 4151 973 911 3608 2195 4734 2201 994 6450 3247 30 4 2725 588 318 4834 977 1482 708
70 1165 1138 53 115 137 816 194 1162 940 378 33 4646 4942 1699 2119 47 5262 202 3790 401 444 84 814 97 282 86 203 70 224 2941 3613 3244
71 2963 1765 50 113 4682 848 81 298 54 562 77 3 119 17 7 101 222 9 2191 170 4032 489 100 5447 4361 1505 129 4336 585 253 97 1958 968
72 1288 3 1 5689 51 241 219 6156 2859 8 54 55 9424 206 112 1436 5205 9017 1353 2507 1408 1721 26 16 23 110 785 6655 2775 114 46 3231 3317 111 13 463 3395 72 103 126 69
73 1137 3 33 257 2211 465 4252 15 2708 9739 1129 30 317 1062 8378 454 899 2117 109 150 8855 6735 1232 14 219 50 5029 3662 534 1854 155 2060 968 6337
74 181 565 143 0 323 804 5417 9 283 2 201 26 993 2014 1818 2647 8365 1298 1759 234 418 223 885 4117 61 22 968 79 3309 621 5526 155 5661 4247 2848
75 2840 191 1939 23 1602 3969 2992 127 659 16 187 3444 5368 696 9354 768 169 31 51 32 86 1266 1862 7977 3252 8444 14 71 8295 364 815
76 0 23 12 2 1540 1 1215 80 126 48 16 21 389 260 341 49 1615 4 3 11 39 756 10 1830 251 714 279 8056 27 5 867 28 8095 869 6402 2060
77 1888 50 217 1 441 71 15 249 5463 3 130 512 437 14 17 725 7231 313 513 712 6 2784 276 144 851 259 4363 35 82 776 354 1005 197 155
78 2429 2590 343 36 1948 174 422 34 4336 866 4699 1010 502 5834 750 7810 2142 98 426 784 3943 249 316 264 1407 57 359 15 50 160 8086 1123 129 65 4994 1951 7055 1502
79 4214 596 16 625 8059 654 8 192 15 57 897 104 509 568 67 3022 8802 3259 153 58 50 19 1426 36 11 1172 2527 107 291 642 77 53 1120 35 2423 28 4281 1954
80 790 9311 179 429 2010 4674 3615 1442 126 51 1012 125 540 367 6565 3135 4241 844 26 94 197 131 608 60 3884 154 32 752 553 106 112 118 7989 1572
81 932 27 447 7956 217 40 363 158 2217 124 460 2360 5548 7062 220 667 1918 2763 735 808 218 557 19 222 130 273 582 946 193 1371 5051 4157 554
82 8427 537 390 1303 677 9068 715 11 142 7369 9360 8770 50 105 2812 314 689 381 3636 4514 4797 274 40 9246 433 135 150 247 196 112 268 19 2166 126 148 3102 3097 1671
83 133 57 200 136 10 2431 446 50 6205 76 1857 157 2022 39 30 387 12 38 299 109 2445 4791 29 488 666 4415 5440 660 155
84 1147 2300 2693 178 8 51 133 415 33 500 834 40 862 162 23 22 27 723 10 206 159 246 1665 68 42 466 1109 2477 13 9961 72 4310 4347
85 4625 2035 334 6234 52 58 9 1112 65 5 1944 44 9723 4 6030 525 264 16 88 253 68 432 14 6261 2312 20 365 60 6381 19 410 340 1908 133 1927 87 25 21 468 120 1412 69
86 2 0 18 3 1 3367 6 1099 222 353 584 206 3526 6450 159 45 1318 436 51 76 87 10 97 281 13 4486 7 7371 4962 1734 3983 121 485 968
87 392 799 144 553 1321 2431 759 34 3324 4761 106 9574 2360 89 49 1434 351 132 68 115 165 60 108 302 316 447 128 252 2067 869 138
88 869 982 150 203 170 17 12 586 42 5731 80 111 37 9 54 7481 1177 367 144 3488 31 165 69 355 14 60 4500 205 3761 29 11 21 166 3704 155 2372 595 5668 1958 1263
89 179 49 215 3354 912 943 32 272 98 9170 30 62 3969 5 553 749 960 27 54 9041 4 40 672 505 208 81 4051 9514 8450
90 8991 121 84 1557 70 5158 26 45 2610 738 5895 2148 33 1604 39 25 1041 344 448 300 38 137 63 142 89 111 98 72 1016 97 4428 99 120 1886 315 351 554
91 452 338 4581 1264 680 202 60 2236 125 13 85 1932 93 352 586 2355 1698 3643 7258 111 970 269 1589 1038 1599 1452 2591 2513 1671
92 4 2 1 194 534 6 0 903 10 1358 66 2463 90 30 235 304 5 6229 216 232 399 456 735 26 4394 3843 125 881 176 6284 356 15 27 3097
93 2793 3096 26 12 644 90 45 124 444 71 276 8688 42 58 8909 4766 5280 1086 47 286 4319 87 84 598 6703 131 3066 4723 3257 524 4864 2185 5381
94 14 2882 262 5560 188 414 1096 1459 11 26 276 1861 347 153 681 93 89 8492 552 3428 1627 112 25 820 653 757 265 164 3815 65 9793 5483 6149 131 572 8993 727 4281 554
95 8428 7122 2897 111 8912 1377 49 3511 547 1635 7687 103 152 3151 113 41 27 22 1895 1956 3406 2052 1679 225 3169 5564 21 112 637 132 671 155
96 204 586 22 214 0 437 2726 5195 1 1867 202 2 131 2611 4 36 2102 496 80 7306 375 1442 243 20 5 390 2359 16 1721 8104 636 8917 2087 1825 8
97 700 7181 248 100 156 972 114 1027 1135 361 22 1223 846 3251 1114 7447 727 345 1383 241 33 576 41 744 6847 239 529 174 189 7117 126 4841 138
98 2 6 341 26 3 434 1069 19 54 139 11 4 6932 2395 8 51 0 9 641 2859 1 134 39 1546 291 795 5478 40 2712 205 15 193 24 3351 72 117 797
99 2927 97 311 891 4492 117 179 1624 3362 8518 286 106 2038 1074 4795 4738 6671 1204 1843 6657 3976 766 168 150 2232 1853 5512 91 3348 126 3110 138
